2018-06-12 11:42:36 ERROR MantenedorCapacitacion:472 - Error en formato de fecha inicio
2018-06-12 12:42:53 ERROR MantenedorCapacitacion:499 - Error al ingresar horas
 java.lang.NumberFormatException: For input string: "a"
2018-06-12 15:29:57 ERROR SsfCapacitacionDAO:235 - 
 java.lang.IllegalArgumentException: Can not refresh not managed object: duoc.cl.safe.entity.SsfCapacitacion[ id=24 ]
2018-06-12 15:29:57 ERROR SsfCapacitacionDAO:236 - Error al modificar
 java.lang.IllegalArgumentException: Can not refresh not managed object: duoc.cl.safe.entity.SsfCapacitacion[ id=24 ].	
2018-06-12 15:33:40 ERROR SsfCapacitacionDAO:235 - 
 java.lang.IllegalArgumentException: You have provided an instance of an incorrect PK class for this find operation.  Class expected : class java.math.BigDecimal, Class received : class duoc.cl.safe.entity.SsfCapacitacion
2018-06-12 15:33:40 ERROR SsfCapacitacionDAO:236 - Error al modificar
 java.lang.IllegalArgumentException: You have provided an instance of an incorrect PK class for this find operation.  Class expected : class java.math.BigDecimal, Class received : class duoc.cl.safe.entity.SsfCapacitacion.	
2018-06-12 15:35:38 ERROR SsfCapacitacionDAO:235 - 
 java.lang.IllegalArgumentException: Unknown entity bean class: class java.math.BigDecimal, please verify that this class has been marked with the @Entity annotation.	
2018-06-12 15:35:38 ERROR SsfCapacitacionDAO:236 - Error al modificar
 java.lang.IllegalArgumentException: Unknown entity bean class: class java.math.BigDecimal, please verify that this class has been marked with the @Entity annotation.
	
2018-06-12 15:51:19 ERROR SsfCapacitacionDAO:235 - 
 java.lang.IllegalArgumentException: Can not refresh not managed object: duoc.cl.safe.entity.SsfCapacitacion[ id=24 ].
	
2018-06-12 15:51:19 ERROR SsfCapacitacionDAO:236 - Error al modificar
 java.lang.IllegalArgumentException: Can not refresh not managed object: duoc.cl.safe.entity.SsfCapacitacion[ id=24 ].
	
2018-06-20 04:30:45 INFO  MantenedorUsuario:592 - No se pudo modificar
 2018-06-24 09:31:55 ERROR MantenedorEmpresa:411 - Error en valor de telefono
 java.lang.NumberFormatException: For input string: "76162118 "
	at java.lang.NumberFormatException.forInputString(NumberFormatException.java:65)
	at java.lang.Long.parseLong(Long.java:589)
	at java.lang.Long.valueOf(Long.java:803)
	at duoc.cl.safe.presentacion.usuarios.MantenedorEmpresa.bAgregarActionPerformed(MantenedorEmpresa.java:407)
	at duoc.cl.safe.presentacion.usuarios.MantenedorEmpresa.access$200(MantenedorEmpresa.java:25)
	at duoc.cl.safe.presentacion.usuarios.MantenedorEmpresa$3.actionPerformed(MantenedorEmpresa.java:89)
	at javax.swing.AbstractButton.fireActionPerformed(AbstractButton.java:2022)
	at javax.swing.AbstractButton$Handler.actionPerformed(AbstractButton.java:2348)
	at javax.swing.DefaultButtonModel.fireActionPerformed(DefaultButtonModel.java:402)
	at javax.swing.DefaultButtonModel.setPressed(DefaultButtonModel.java:259)
	at javax.swing.plaf.basic.BasicButtonListener.mouseReleased(BasicButtonListener.java:252)
	at java.awt.Component.processMouseEvent(Component.java:6533)
	at javax.swing.JComponent.processMouseEvent(JComponent.java:3324)
	at java.awt.Component.processEvent(Component.java:6298)
	at java.awt.Container.processEvent(Container.java:2238)
	at java.awt.Component.dispatchEventImpl(Component.java:4889)
	at java.awt.Container.dispatchEventImpl(Container.java:2296)
	at java.awt.Component.dispatchEvent(Component.java:4711)
	at java.awt.LightweightDispatcher.retargetMouseEvent(Container.java:4897)
	at java.awt.LightweightDispatcher.processMouseEvent(Container.java:4534)
	at java.awt.LightweightDispatcher.dispatchEvent(Container.java:4475)
	at java.awt.Container.dispatchEventImpl(Container.java:2282)
	at java.awt.Window.dispatchEventImpl(Window.java:2746)
	at java.awt.Component.dispatchEvent(Component.java:4711)
	at java.awt.EventQueue.dispatchEventImpl(EventQueue.java:760)
	at java.awt.EventQueue.access$500(EventQueue.java:97)
	at java.awt.EventQueue$3.run(EventQueue.java:709)
	at java.awt.EventQueue$3.run(EventQueue.java:703)
	at java.security.AccessController.doPrivileged(Native Method)
	at java.security.ProtectionDomain$JavaSecurityAccessImpl.doIntersectionPrivilege(ProtectionDomain.java:80)
	at java.security.ProtectionDomain$JavaSecurityAccessImpl.doIntersectionPrivilege(ProtectionDomain.java:90)
	at java.awt.EventQueue$4.run(EventQueue.java:733)
	at java.awt.EventQueue$4.run(EventQueue.java:731)
	at java.security.AccessController.doPrivileged(Native Method)
	at java.security.ProtectionDomain$JavaSecurityAccessImpl.doIntersectionPrivilege(ProtectionDomain.java:80)
	at java.awt.EventQueue.dispatchEvent(EventQueue.java:730)
	at java.awt.EventDispatchThread.pumpOneEventForFilters(EventDispatchThread.java:205)
	at java.awt.EventDispatchThread.pumpEventsForFilter(EventDispatchThread.java:116)
	at java.awt.EventDispatchThread.pumpEventsForHierarchy(EventDispatchThread.java:105)
	at java.awt.EventDispatchThread.pumpEvents(EventDispatchThread.java:101)
	at java.awt.EventDispatchThread.pumpEvents(EventDispatchThread.java:93)
	at java.awt.EventDispatchThread.run(EventDispatchThread.java:82)
